Build started 2015-04-15 21:35:15.
     1>Project "C:\Users\Repay\Documents\Visual Studio 2010\Projects\Dietetyczna Lodówka\Dietetyczna Lodówka\Dietetyczna Lodówka.vcxproj" on node 2 (build target(s)).
     1>InitializeBuildStatus:
         Creating "Debug\Dietetyczna Lodówka.unsuccessfulbuild" because "AlwaysCreate" was specified.
       ClCompile:
         c:\Program Files (x86)\Microsoft Visual Studio 10.0\VC\bin\CL.exe /c /ZI /nologo /W3 /WX- /Od /Oy- /D _MBCS /Gm /EHsc /RTC1 /MDd /GS /fp:precise /Zc:wchar_t /Zc:forScope /Fo"Debug\\" /Fd"Debug\vc100.pdb" /Gd /TP /analyze- /errorReport:prompt Main.cpp
         Main.cpp
       Link:
         c:\Program Files (x86)\Microsoft Visual Studio 10.0\VC\bin\link.exe /ERRORREPORT:PROMPT /OUT:"C:\Users\Repay\Documents\Visual Studio 2010\Projects\Dietetyczna Lodówka\Debug\Dietetyczna Lodówka.exe" /NOLOGO kernel32.lib user32.lib gdi32.lib winspool.lib comdlg32.lib advapi32.lib shell32.lib ole32.lib oleaut32.lib uuid.lib odbc32.lib odbccp32.lib /MANIFEST /ManifestFile:"Debug\Dietetyczna Lodówka.exe.intermediate.manifest" /MANIFESTUAC:"level='asInvoker' uiAccess='false'" /DEBUG /PDB:"C:\Users\Repay\Documents\Visual Studio 2010\Projects\Dietetyczna Lodówka\Debug\Dietetyczna Lodówka.pdb" /TLBID:1 /DYNAMICBASE /NXCOMPAT /IMPLIB:"C:\Users\Repay\Documents\Visual Studio 2010\Projects\Dietetyczna Lodówka\Debug\Dietetyczna Lodówka.lib" /MACHINE:X86 Debug\BazaUzytkownikow.obj
         Debug\Blad.obj
         Debug\Main.obj
         Debug\Uzytkownik.obj
         LINK : C:\Users\Repay\Documents\Visual Studio 2010\Projects\Dietetyczna Lodówka\Debug\Dietetyczna Lodówka.exe not found or not built by the last incremental link; performing full link
         Dietetyczna Lodówka.vcxproj -> C:\Users\Repay\Documents\Visual Studio 2010\Projects\Dietetyczna Lodówka\Debug\Dietetyczna Lodówka.exe
       Manifest:
         C:\Program Files (x86)\Microsoft SDKs\Windows\v7.0A\bin\mt.exe /nologo /verbose /outputresource:"C:\Users\Repay\Documents\Visual Studio 2010\Projects\Dietetyczna Lodówka\Debug\Dietetyczna Lodówka.exe;#1" /manifest "Debug\Dietetyczna Lodówka.exe.intermediate.manifest"
       FinalizeBuildStatus:
         Deleting file "Debug\Dietetyczna Lodówka.unsuccessfulbuild".
         Touching "Debug\Dietetyczna Lodówka.lastbuildstate".
     1>Done Building Project "C:\Users\Repay\Documents\Visual Studio 2010\Projects\Dietetyczna Lodówka\Dietetyczna Lodówka\Dietetyczna Lodówka.vcxproj" (build target(s)).

Build succeeded.

Time Elapsed 00:00:00.85
